app/build/intermediates/manifest_merge_blame_file/debug/manifest-merger-blame-debug-report.txt
1<?xml version="1.0" encoding="utf-8"?>
2<manifest xmlns:android="http://schemas.android.com/apk/res/android"
3    package="com.n2n.letsgo"
4    android:versionCode="1"
5    android:versionName="1.0" >
6
7    <uses-sdk
8        android:minSdkVersion="21"
8-->src\main\AndroidManifest.xml
9        android:targetSdkVersion="31" />
9-->src\main\AndroidManifest.xml
10
11    <uses-permission android:name="android.permission.INTERNET" />
11-->src\main\AndroidManifest.xml:5:5-67
11-->src\main\AndroidManifest.xml:5:22-64
12
13    <application
13-->src\main\AndroidManifest.xml:7:5-52:19
14        android:allowBackup="true"
14-->src\main\AndroidManifest.xml:8:9-35
15        android:appComponentFactory="androidx.core.app.CoreComponentFactory"
15-->[androidx.core:core:1.7.0] AndroidManifest.xml:24:18-86
16        android:debuggable="true"
17        android:icon="@mipmap/ic_logo"
17-->src\main\AndroidManifest.xml:9:9-39
18        android:label="Let&apos;s Go"
18-->src\main\AndroidManifest.xml:10:9-38
19        android:roundIcon="@mipmap/ic_logo"
19-->src\main\AndroidManifest.xml:11:9-44
20        android:supportsRtl="true"
20-->src\main\AndroidManifest.xml:12:9-35
21        android:theme="@style/Theme.LETsGO" >
21-->src\main\AndroidManifest.xml:13:9-44
22        <activity
22-->src\main\AndroidManifest.xml:14:9-17:39
23            android:name="com.n2n.letsgo.Video.PlayVideo"
23-->src\main\AndroidManifest.xml:15:13-44
24            android:exported="true"
24-->src\main\AndroidManifest.xml:17:13-36
25            android:screenOrientation="landscape" />
25-->src\main\AndroidManifest.xml:16:13-50
26        <activity
26-->src\main\AndroidManifest.xml:18:9-20:39
27            android:name="com.n2n.letsgo.Vocabulary.Review"
27-->src\main\AndroidManifest.xml:19:13-46
28            android:exported="true" />
28-->src\main\AndroidManifest.xml:20:13-36
29        <activity
29-->src\main\AndroidManifest.xml:21:9-23:39
30            android:name="com.n2n.letsgo.Vocabulary.Learning"
30-->src\main\AndroidManifest.xml:22:13-48
31            android:exported="true" />
31-->src\main\AndroidManifest.xml:23:13-36
32        <activity
32-->src\main\AndroidManifest.xml:24:9-27:39
33            android:name="com.n2n.letsgo.Video.Video_activity"
33-->src\main\AndroidManifest.xml:25:13-49
34            android:configChanges="orientation|screenSize"
34-->src\main\AndroidManifest.xml:26:13-59
35            android:exported="true" />
35-->src\main\AndroidManifest.xml:27:13-36
36        <activity
36-->src\main\AndroidManifest.xml:28:9-30:39
37            android:name="com.n2n.letsgo.TypeReView.Word_Picture_activity"
37-->src\main\AndroidManifest.xml:29:13-61
38            android:exported="true" />
38-->src\main\AndroidManifest.xml:30:13-36
39        <activity
39-->src\main\AndroidManifest.xml:31:9-33:39
40            android:name="com.n2n.letsgo.TypeReView.Picture_Word_activity"
40-->src\main\AndroidManifest.xml:32:13-61
41            android:exported="true" />
41-->src\main\AndroidManifest.xml:33:13-36
42        <activity
42-->src\main\AndroidManifest.xml:34:9-36:39
43            android:name="com.n2n.letsgo.Title.Title_activity"
43-->src\main\AndroidManifest.xml:35:13-49
44            android:exported="true" />
44-->src\main\AndroidManifest.xml:36:13-36
45        <activity
45-->src\main\AndroidManifest.xml:37:9-39:39
46            android:name="com.n2n.letsgo.Dictionary.Dictionary_activity"
46-->src\main\AndroidManifest.xml:38:13-59
47            android:exported="true" />
47-->src\main\AndroidManifest.xml:39:13-36
48        <activity
48-->src\main\AndroidManifest.xml:40:9-42:39
49            android:name="com.n2n.letsgo.MainOption"
49-->src\main\AndroidManifest.xml:41:13-39
50            android:exported="true" />
50-->src\main\AndroidManifest.xml:42:13-36
51        <activity
51-->src\main\AndroidManifest.xml:43:9-51:20
52            android:name="com.n2n.letsgo.MainActivity"
52-->src\main\AndroidManifest.xml:44:13-41
53            android:exported="true" >
53-->src\main\AndroidManifest.xml:45:13-36
54            <intent-filter>
54-->src\main\AndroidManifest.xml:46:13-50:29
55                <action android:name="android.intent.action.MAIN" />
55-->src\main\AndroidManifest.xml:47:17-69
55-->src\main\AndroidManifest.xml:47:25-66
56
57                <category android:name="android.intent.category.LAUNCHER" />
57-->src\main\AndroidManifest.xml:49:17-77
57-->src\main\AndroidManifest.xml:49:27-74
58            </intent-filter>
59        </activity>
60
61        <provider
61-->[androidx.emoji2:emoji2:1.0.0] AndroidManifest.xml:26:9-34:20
62            android:name="androidx.startup.InitializationProvider"
62-->[androidx.emoji2:emoji2:1.0.0] AndroidManifest.xml:27:13-67
63            android:authorities="com.n2n.letsgo.androidx-startup"
63-->[androidx.emoji2:emoji2:1.0.0] AndroidManifest.xml:28:13-68
64            android:exported="false" >
64-->[androidx.emoji2:emoji2:1.0.0] AndroidManifest.xml:29:13-37
65            <meta-data
65-->[androidx.emoji2:emoji2:1.0.0] AndroidManifest.xml:31:13-33:52
66                android:name="androidx.emoji2.text.EmojiCompatInitializer"
66-->[androidx.emoji2:emoji2:1.0.0] AndroidManifest.xml:32:17-75
67                android:value="androidx.startup" />
67-->[androidx.emoji2:emoji2:1.0.0] AndroidManifest.xml:33:17-49
68            <meta-data
68-->[androidx.lifecycle:lifecycle-process:2.4.0] AndroidManifest.xml:31:13-33:52
69                android:name="androidx.lifecycle.ProcessLifecycleInitializer"
69-->[androidx.lifecycle:lifecycle-process:2.4.0] AndroidManifest.xml:32:17-78
70                android:value="androidx.startup" />
70-->[androidx.lifecycle:lifecycle-process:2.4.0] AndroidManifest.xml:33:17-49
71        </provider>
72    </application>
73
74</manifest>